[2019-03-13 09:53:26] local.ERROR: Symfony\Component\Debug\Exception\FatalThrowableError: Call to undefined method Laravel\Lumen\Routing\Router::fallback() in E:\AccountManagement\vendor\illuminate\support\Facades\Facade.php:237
Stack trace:
#0 E:\AccountManagement\routes\web.php(33): Illuminate\Support\Facades\Facade::__callStatic('fallback', Array)
#1 E:\AccountManagement\bootstrap\app.php(97): require('E:\\AccountManag...')
#2 [internal function]: {closure}(Object(Laravel\Lumen\Routing\Router))
#3 E:\AccountManagement\vendor\laravel\lumen-framework\src\Routing\Router.php(62): call_user_func(Object(Closure), Object(Laravel\Lumen\Routing\Router))
#4 E:\AccountManagement\bootstrap\app.php(98): Laravel\Lumen\Routing\Router->group(Array, Object(Closure))
#5 E:\AccountManagement\public\index.php(14): require('E:\\AccountManag...')
#6 {main} {"exception":"[object] (Symfony\\Component\\Debug\\Exception\\FatalThrowableError(code: 0): Call to undefined method Laravel\\Lumen\\Routing\\Router::fallback() at E:\\AccountManagement\\vendor\\illuminate\\support\\Facades\\Facade.php:237)
[stacktrace]
#0 E:\\AccountManagement\outes\\web.php(33): Illuminate\\Support\\Facades\\Facade::__callStatic('fallback', Array)
#1 E:\\AccountManagement\\bootstrap\\app.php(97): require('E:\\\\AccountManag...')
#2 [internal function]: {closure}(Object(Laravel\\Lumen\\Routing\\Router))
#3 E:\\AccountManagement\\vendor\\laravel\\lumen-framework\\src\\Routing\\Router.php(62): call_user_func(Object(Closure), Object(Laravel\\Lumen\\Routing\\Router))
#4 E:\\AccountManagement\\bootstrap\\app.php(98): Laravel\\Lumen\\Routing\\Router->group(Array, Object(Closure))
#5 E:\\AccountManagement\\public\\index.php(14): require('E:\\\\AccountManag...')
#6 {main}
"} 
[2019-03-13 10:38:19] local.ERROR: ErrorException: Undefined variable: resuest in E:\xampp\htdocs\AccountManagement\app\Http\Controllers\AccountController.php:15
Stack trace:
#0 E:\xampp\htdocs\AccountManagement\app\Http\Controllers\AccountController.php(15): Laravel\Lumen\Application->Laravel\Lumen\Concerns\{closure}(8, 'Undefined varia...', 'E:\\xampp\\htdocs...', 15, Array)
#1 [internal function]: App\Http\Controllers\AccountController->showAllAccounts(Object(Laravel\Lumen\Http\Request))
#2 E:\xampp\htdocs\AccountManagement\vendor\illuminate\container\BoundMethod.php(32): call_user_func_array(Array, Array)
#3 E:\xampp\htdocs\AccountManagement\vendor\illuminate\container\BoundMethod.php(90): Illuminate\Container\BoundMethod::Illuminate\Container\{closure}()
#4 E:\xampp\htdocs\AccountManagement\vendor\illuminate\container\BoundMethod.php(34): Illuminate\Container\BoundMethod::callBoundMethod(Object(Laravel\Lumen\Application), Array, Object(Closure))
#5 E:\xampp\htdocs\AccountManagement\vendor\illuminate\container\Container.php(580): Illuminate\Container\BoundMethod::call(Object(Laravel\Lumen\Application), Array, Array, NULL)
#6 E:\xampp\htdocs\AccountManagement\vendor\laravel\lumen-framework\src\Concerns\RoutesRequests.php(376): Illuminate\Container\Container->call(Array, Array)
#7 E:\xampp\htdocs\AccountManagement\vendor\laravel\lumen-framework\src\Concerns\RoutesRequests.php(342): Laravel\Lumen\Application->callControllerCallable(Array, Array)
#8 E:\xampp\htdocs\AccountManagement\vendor\laravel\lumen-framework\src\Concerns\RoutesRequests.php(316): Laravel\Lumen\Application->callLumenController(Object(App\Http\Controllers\AccountController), 'showAllAccounts', Array)
#9 E:\xampp\htdocs\AccountManagement\vendor\laravel\lumen-framework\src\Concerns\RoutesRequests.php(278): Laravel\Lumen\Application->callControllerAction(Array)
#10 E:\xampp\htdocs\AccountManagement\vendor\laravel\lumen-framework\src\Concerns\RoutesRequests.php(263): Laravel\Lumen\Application->callActionOnArrayBasedRoute(Array)
#11 E:\xampp\htdocs\AccountManagement\vendor\laravel\lumen-framework\src\Concerns\RoutesRequests.php(165): Laravel\Lumen\Application->handleFoundRoute(Array)
#12 E:\xampp\htdocs\AccountManagement\vendor\laravel\lumen-framework\src\Concerns\RoutesRequests.php(416): Laravel\Lumen\Application->Laravel\Lumen\Concerns\{closure}(Object(Laravel\Lumen\Http\Request))
#13 E:\xampp\htdocs\AccountManagement\vendor\laravel\lumen-framework\src\Concerns\RoutesRequests.php(171): Laravel\Lumen\Application->sendThroughPipeline(Array, Object(Closure))
#14 E:\xampp\htdocs\AccountManagement\vendor\laravel\lumen-framework\src\Concerns\RoutesRequests.php(108): Laravel\Lumen\Application->dispatch(NULL)
#15 E:\xampp\htdocs\AccountManagement\public\index.php(28): Laravel\Lumen\Application->run()
#16 {main} {"exception":"[object] (ErrorException(code: 0): Undefined variable: resuest at E:\\xampp\\htdocs\\AccountManagement\\app\\Http\\Controllers\\AccountController.php:15)
[stacktrace]
#0 E:\\xampp\\htdocs\\AccountManagement\\app\\Http\\Controllers\\AccountController.php(15): Laravel\\Lumen\\Application->Laravel\\Lumen\\Concerns\\{closure}(8, 'Undefined varia...', 'E:\\\\xampp\\\\htdocs...', 15, Array)
#1 [internal function]: App\\Http\\Controllers\\AccountController->showAllAccounts(Object(Laravel\\Lumen\\Http\\Request))
#2 E:\\xampp\\htdocs\\AccountManagement\\vendor\\illuminate\\container\\BoundMethod.php(32): call_user_func_array(Array, Array)
#3 E:\\xampp\\htdocs\\AccountManagement\\vendor\\illuminate\\container\\BoundMethod.php(90): Illuminate\\Container\\BoundMethod::Illuminate\\Container\\{closure}()
#4 E:\\xampp\\htdocs\\AccountManagement\\vendor\\illuminate\\container\\BoundMethod.php(34): Illuminate\\Container\\BoundMethod::callBoundMethod(Object(Laravel\\Lumen\\Application), Array, Object(Closure))
#5 E:\\xampp\\htdocs\\AccountManagement\\vendor\\illuminate\\container\\Container.php(580): Illuminate\\Container\\BoundMethod::call(Object(Laravel\\Lumen\\Application), Array, Array, NULL)
#6 E:\\xampp\\htdocs\\AccountManagement\\vendor\\laravel\\lumen-framework\\src\\Concerns\\RoutesRequests.php(376): Illuminate\\Container\\Container->call(Array, Array)
#7 E:\\xampp\\htdocs\\AccountManagement\\vendor\\laravel\\lumen-framework\\src\\Concerns\\RoutesRequests.php(342): Laravel\\Lumen\\Application->callControllerCallable(Array, Array)
#8 E:\\xampp\\htdocs\\AccountManagement\\vendor\\laravel\\lumen-framework\\src\\Concerns\\RoutesRequests.php(316): Laravel\\Lumen\\Application->callLumenController(Object(App\\Http\\Controllers\\AccountController), 'showAllAccounts', Array)
#9 E:\\xampp\\htdocs\\AccountManagement\\vendor\\laravel\\lumen-framework\\src\\Concerns\\RoutesRequests.php(278): Laravel\\Lumen\\Application->callControllerAction(Array)
#10 E:\\xampp\\htdocs\\AccountManagement\\vendor\\laravel\\lumen-framework\\src\\Concerns\\RoutesRequests.php(263): Laravel\\Lumen\\Application->callActionOnArrayBasedRoute(Array)
#11 E:\\xampp\\htdocs\\AccountManagement\\vendor\\laravel\\lumen-framework\\src\\Concerns\\RoutesRequests.php(165): Laravel\\Lumen\\Application->handleFoundRoute(Array)
#12 E:\\xampp\\htdocs\\AccountManagement\\vendor\\laravel\\lumen-framework\\src\\Concerns\\RoutesRequests.php(416): Laravel\\Lumen\\Application->Laravel\\Lumen\\Concerns\\{closure}(Object(Laravel\\Lumen\\Http\\Request))
#13 E:\\xampp\\htdocs\\AccountManagement\\vendor\\laravel\\lumen-framework\\src\\Concerns\\RoutesRequests.php(171): Laravel\\Lumen\\Application->sendThroughPipeline(Array, Object(Closure))
#14 E:\\xampp\\htdocs\\AccountManagement\\vendor\\laravel\\lumen-framework\\src\\Concerns\\RoutesRequests.php(108): Laravel\\Lumen\\Application->dispatch(NULL)
#15 E:\\xampp\\htdocs\\AccountManagement\\public\\index.php(28): Laravel\\Lumen\\Application->run()
#16 {main}
"} 
[2019-03-13 10:39:59] local.ERROR: ErrorException: Undefined variable: resuest in E:\xampp\htdocs\AccountManagement\app\Http\Controllers\AccountController.php:15
Stack trace:
#0 E:\xampp\htdocs\AccountManagement\app\Http\Controllers\AccountController.php(15): Laravel\Lumen\Application->Laravel\Lumen\Concerns\{closure}(8, 'Undefined varia...', 'E:\\xampp\\htdocs...', 15, Array)
#1 [internal function]: App\Http\Controllers\AccountController->showAllAccounts(Object(Laravel\Lumen\Http\Request))
#2 E:\xampp\htdocs\AccountManagement\vendor\illuminate\container\BoundMethod.php(32): call_user_func_array(Array, Array)
#3 E:\xampp\htdocs\AccountManagement\vendor\illuminate\container\BoundMethod.php(90): Illuminate\Container\BoundMethod::Illuminate\Container\{closure}()
#4 E:\xampp\htdocs\AccountManagement\vendor\illuminate\container\BoundMethod.php(34): Illuminate\Container\BoundMethod::callBoundMethod(Object(Laravel\Lumen\Application), Array, Object(Closure))
#5 E:\xampp\htdocs\AccountManagement\vendor\illuminate\container\Container.php(580): Illuminate\Container\BoundMethod::call(Object(Laravel\Lumen\Application), Array, Array, NULL)
#6 E:\xampp\htdocs\AccountManagement\vendor\laravel\lumen-framework\src\Concerns\RoutesRequests.php(376): Illuminate\Container\Container->call(Array, Array)
#7 E:\xampp\htdocs\AccountManagement\vendor\laravel\lumen-framework\src\Concerns\RoutesRequests.php(342): Laravel\Lumen\Application->callControllerCallable(Array, Array)
#8 E:\xampp\htdocs\AccountManagement\vendor\laravel\lumen-framework\src\Concerns\RoutesRequests.php(316): Laravel\Lumen\Application->callLumenController(Object(App\Http\Controllers\AccountController), 'showAllAccounts', Array)
#9 E:\xampp\htdocs\AccountManagement\vendor\laravel\lumen-framework\src\Concerns\RoutesRequests.php(278): Laravel\Lumen\Application->callControllerAction(Array)
#10 E:\xampp\htdocs\AccountManagement\vendor\laravel\lumen-framework\src\Concerns\RoutesRequests.php(263): Laravel\Lumen\Application->callActionOnArrayBasedRoute(Array)
#11 E:\xampp\htdocs\AccountManagement\vendor\laravel\lumen-framework\src\Concerns\RoutesRequests.php(165): Laravel\Lumen\Application->handleFoundRoute(Array)
#12 E:\xampp\htdocs\AccountManagement\vendor\laravel\lumen-framework\src\Concerns\RoutesRequests.php(416): Laravel\Lumen\Application->Laravel\Lumen\Concerns\{closure}(Object(Laravel\Lumen\Http\Request))
#13 E:\xampp\htdocs\AccountManagement\vendor\laravel\lumen-framework\src\Concerns\RoutesRequests.php(171): Laravel\Lumen\Application->sendThroughPipeline(Array, Object(Closure))
#14 E:\xampp\htdocs\AccountManagement\vendor\laravel\lumen-framework\src\Concerns\RoutesRequests.php(108): Laravel\Lumen\Application->dispatch(NULL)
#15 E:\xampp\htdocs\AccountManagement\public\index.php(28): Laravel\Lumen\Application->run()
#16 {main} {"exception":"[object] (ErrorException(code: 0): Undefined variable: resuest at E:\\xampp\\htdocs\\AccountManagement\\app\\Http\\Controllers\\AccountController.php:15)
[stacktrace]
#0 E:\\xampp\\htdocs\\AccountManagement\\app\\Http\\Controllers\\AccountController.php(15): Laravel\\Lumen\\Application->Laravel\\Lumen\\Concerns\\{closure}(8, 'Undefined varia...', 'E:\\\\xampp\\\\htdocs...', 15, Array)
#1 [internal function]: App\\Http\\Controllers\\AccountController->showAllAccounts(Object(Laravel\\Lumen\\Http\\Request))
#2 E:\\xampp\\htdocs\\AccountManagement\\vendor\\illuminate\\container\\BoundMethod.php(32): call_user_func_array(Array, Array)
#3 E:\\xampp\\htdocs\\AccountManagement\\vendor\\illuminate\\container\\BoundMethod.php(90): Illuminate\\Container\\BoundMethod::Illuminate\\Container\\{closure}()
#4 E:\\xampp\\htdocs\\AccountManagement\\vendor\\illuminate\\container\\BoundMethod.php(34): Illuminate\\Container\\BoundMethod::callBoundMethod(Object(Laravel\\Lumen\\Application), Array, Object(Closure))
#5 E:\\xampp\\htdocs\\AccountManagement\\vendor\\illuminate\\container\\Container.php(580): Illuminate\\Container\\BoundMethod::call(Object(Laravel\\Lumen\\Application), Array, Array, NULL)
#6 E:\\xampp\\htdocs\\AccountManagement\\vendor\\laravel\\lumen-framework\\src\\Concerns\\RoutesRequests.php(376): Illuminate\\Container\\Container->call(Array, Array)
#7 E:\\xampp\\htdocs\\AccountManagement\\vendor\\laravel\\lumen-framework\\src\\Concerns\\RoutesRequests.php(342): Laravel\\Lumen\\Application->callControllerCallable(Array, Array)
#8 E:\\xampp\\htdocs\\AccountManagement\\vendor\\laravel\\lumen-framework\\src\\Concerns\\RoutesRequests.php(316): Laravel\\Lumen\\Application->callLumenController(Object(App\\Http\\Controllers\\AccountController), 'showAllAccounts', Array)
#9 E:\\xampp\\htdocs\\AccountManagement\\vendor\\laravel\\lumen-framework\\src\\Concerns\\RoutesRequests.php(278): Laravel\\Lumen\\Application->callControllerAction(Array)
#10 E:\\xampp\\htdocs\\AccountManagement\\vendor\\laravel\\lumen-framework\\src\\Concerns\\RoutesRequests.php(263): Laravel\\Lumen\\Application->callActionOnArrayBasedRoute(Array)
#11 E:\\xampp\\htdocs\\AccountManagement\\vendor\\laravel\\lumen-framework\\src\\Concerns\\RoutesRequests.php(165): Laravel\\Lumen\\Application->handleFoundRoute(Array)
#12 E:\\xampp\\htdocs\\AccountManagement\\vendor\\laravel\\lumen-framework\\src\\Concerns\\RoutesRequests.php(416): Laravel\\Lumen\\Application->Laravel\\Lumen\\Concerns\\{closure}(Object(Laravel\\Lumen\\Http\\Request))
#13 E:\\xampp\\htdocs\\AccountManagement\\vendor\\laravel\\lumen-framework\\src\\Concerns\\RoutesRequests.php(171): Laravel\\Lumen\\Application->sendThroughPipeline(Array, Object(Closure))
#14 E:\\xampp\\htdocs\\AccountManagement\\vendor\\laravel\\lumen-framework\\src\\Concerns\\RoutesRequests.php(108): Laravel\\Lumen\\Application->dispatch(NULL)
#15 E:\\xampp\\htdocs\\AccountManagement\\public\\index.php(28): Laravel\\Lumen\\Application->run()
#16 {main}
"} 
[2019-03-13 10:40:01] local.ERROR: ErrorException: Undefined variable: resuest in E:\xampp\htdocs\AccountManagement\app\Http\Controllers\AccountController.php:15
Stack trace:
#0 E:\xampp\htdocs\AccountManagement\app\Http\Controllers\AccountController.php(15): Laravel\Lumen\Application->Laravel\Lumen\Concerns\{closure}(8, 'Undefined varia...', 'E:\\xampp\\htdocs...', 15, Array)
#1 [internal function]: App\Http\Controllers\AccountController->showAllAccounts(Object(Laravel\Lumen\Http\Request))
#2 E:\xampp\htdocs\AccountManagement\vendor\illuminate\container\BoundMethod.php(32): call_user_func_array(Array, Array)
#3 E:\xampp\htdocs\AccountManagement\vendor\illuminate\container\BoundMethod.php(90): Illuminate\Container\BoundMethod::Illuminate\Container\{closure}()
#4 E:\xampp\htdocs\AccountManagement\vendor\illuminate\container\BoundMethod.php(34): Illuminate\Container\BoundMethod::callBoundMethod(Object(Laravel\Lumen\Application), Array, Object(Closure))
#5 E:\xampp\htdocs\AccountManagement\vendor\illuminate\container\Container.php(580): Illuminate\Container\BoundMethod::call(Object(Laravel\Lumen\Application), Array, Array, NULL)
#6 E:\xampp\htdocs\AccountManagement\vendor\laravel\lumen-framework\src\Concerns\RoutesRequests.php(376): Illuminate\Container\Container->call(Array, Array)
#7 E:\xampp\htdocs\AccountManagement\vendor\laravel\lumen-framework\src\Concerns\RoutesRequests.php(342): Laravel\Lumen\Application->callControllerCallable(Array, Array)
#8 E:\xampp\htdocs\AccountManagement\vendor\laravel\lumen-framework\src\Concerns\RoutesRequests.php(316): Laravel\Lumen\Application->callLumenController(Object(App\Http\Controllers\AccountController), 'showAllAccounts', Array)
#9 E:\xampp\htdocs\AccountManagement\vendor\laravel\lumen-framework\src\Concerns\RoutesRequests.php(278): Laravel\Lumen\Application->callControllerAction(Array)
#10 E:\xampp\htdocs\AccountManagement\vendor\laravel\lumen-framework\src\Concerns\RoutesRequests.php(263): Laravel\Lumen\Application->callActionOnArrayBasedRoute(Array)
#11 E:\xampp\htdocs\AccountManagement\vendor\laravel\lumen-framework\src\Concerns\RoutesRequests.php(165): Laravel\Lumen\Application->handleFoundRoute(Array)
#12 E:\xampp\htdocs\AccountManagement\vendor\laravel\lumen-framework\src\Concerns\RoutesRequests.php(416): Laravel\Lumen\Application->Laravel\Lumen\Concerns\{closure}(Object(Laravel\Lumen\Http\Request))
#13 E:\xampp\htdocs\AccountManagement\vendor\laravel\lumen-framework\src\Concerns\RoutesRequests.php(171): Laravel\Lumen\Application->sendThroughPipeline(Array, Object(Closure))
#14 E:\xampp\htdocs\AccountManagement\vendor\laravel\lumen-framework\src\Concerns\RoutesRequests.php(108): Laravel\Lumen\Application->dispatch(NULL)
#15 E:\xampp\htdocs\AccountManagement\public\index.php(28): Laravel\Lumen\Application->run()
#16 {main} {"exception":"[object] (ErrorException(code: 0): Undefined variable: resuest at E:\\xampp\\htdocs\\AccountManagement\\app\\Http\\Controllers\\AccountController.php:15)
[stacktrace]
#0 E:\\xampp\\htdocs\\AccountManagement\\app\\Http\\Controllers\\AccountController.php(15): Laravel\\Lumen\\Application->Laravel\\Lumen\\Concerns\\{closure}(8, 'Undefined varia...', 'E:\\\\xampp\\\\htdocs...', 15, Array)
#1 [internal function]: App\\Http\\Controllers\\AccountController->showAllAccounts(Object(Laravel\\Lumen\\Http\\Request))
#2 E:\\xampp\\htdocs\\AccountManagement\\vendor\\illuminate\\container\\BoundMethod.php(32): call_user_func_array(Array, Array)
#3 E:\\xampp\\htdocs\\AccountManagement\\vendor\\illuminate\\container\\BoundMethod.php(90): Illuminate\\Container\\BoundMethod::Illuminate\\Container\\{closure}()
#4 E:\\xampp\\htdocs\\AccountManagement\\vendor\\illuminate\\container\\BoundMethod.php(34): Illuminate\\Container\\BoundMethod::callBoundMethod(Object(Laravel\\Lumen\\Application), Array, Object(Closure))
#5 E:\\xampp\\htdocs\\AccountManagement\\vendor\\illuminate\\container\\Container.php(580): Illuminate\\Container\\BoundMethod::call(Object(Laravel\\Lumen\\Application), Array, Array, NULL)
#6 E:\\xampp\\htdocs\\AccountManagement\\vendor\\laravel\\lumen-framework\\src\\Concerns\\RoutesRequests.php(376): Illuminate\\Container\\Container->call(Array, Array)
#7 E:\\xampp\\htdocs\\AccountManagement\\vendor\\laravel\\lumen-framework\\src\\Concerns\\RoutesRequests.php(342): Laravel\\Lumen\\Application->callControllerCallable(Array, Array)
#8 E:\\xampp\\htdocs\\AccountManagement\\vendor\\laravel\\lumen-framework\\src\\Concerns\\RoutesRequests.php(316): Laravel\\Lumen\\Application->callLumenController(Object(App\\Http\\Controllers\\AccountController), 'showAllAccounts', Array)
#9 E:\\xampp\\htdocs\\AccountManagement\\vendor\\laravel\\lumen-framework\\src\\Concerns\\RoutesRequests.php(278): Laravel\\Lumen\\Application->callControllerAction(Array)
#10 E:\\xampp\\htdocs\\AccountManagement\\vendor\\laravel\\lumen-framework\\src\\Concerns\\RoutesRequests.php(263): Laravel\\Lumen\\Application->callActionOnArrayBasedRoute(Array)
#11 E:\\xampp\\htdocs\\AccountManagement\\vendor\\laravel\\lumen-framework\\src\\Concerns\\RoutesRequests.php(165): Laravel\\Lumen\\Application->handleFoundRoute(Array)
#12 E:\\xampp\\htdocs\\AccountManagement\\vendor\\laravel\\lumen-framework\\src\\Concerns\\RoutesRequests.php(416): Laravel\\Lumen\\Application->Laravel\\Lumen\\Concerns\\{closure}(Object(Laravel\\Lumen\\Http\\Request))
#13 E:\\xampp\\htdocs\\AccountManagement\\vendor\\laravel\\lumen-framework\\src\\Concerns\\RoutesRequests.php(171): Laravel\\Lumen\\Application->sendThroughPipeline(Array, Object(Closure))
#14 E:\\xampp\\htdocs\\AccountManagement\\vendor\\laravel\\lumen-framework\\src\\Concerns\\RoutesRequests.php(108): Laravel\\Lumen\\Application->dispatch(NULL)
#15 E:\\xampp\\htdocs\\AccountManagement\\public\\index.php(28): Laravel\\Lumen\\Application->run()
#16 {main}
"} 
[2019-03-13 10:40:12] local.ERROR: Symfony\Component\Debug\Exception\FatalErrorException: Method Laravel\Lumen\Http\Request::__toString() must not throw an exception, caught ErrorException: Undefined variable: resuest in E:\xampp\htdocs\AccountManagement\app\Http\Controllers\AccountController.php:0
Stack trace:
#0 E:\xampp\htdocs\AccountManagement\vendor\laravel\lumen-framework\src\Concerns\RegistersExceptionHandlers.php(54): Laravel\Lumen\Application->handleShutdown()
#1 [internal function]: Laravel\Lumen\Application->Laravel\Lumen\Concerns\{closure}()
#2 {main} {"exception":"[object] (Symfony\\Component\\Debug\\Exception\\FatalErrorException(code: 1): Method Laravel\\Lumen\\Http\\Request::__toString() must not throw an exception, caught ErrorException: Undefined variable: resuest at E:\\xampp\\htdocs\\AccountManagement\\app\\Http\\Controllers\\AccountController.php:0)
[stacktrace]
#0 E:\\xampp\\htdocs\\AccountManagement\\vendor\\laravel\\lumen-framework\\src\\Concerns\\RegistersExceptionHandlers.php(54): Laravel\\Lumen\\Application->handleShutdown()
#1 [internal function]: Laravel\\Lumen\\Application->Laravel\\Lumen\\Concerns\\{closure}()
#2 {main}
"} 
[2019-03-13 10:40:13] local.ERROR: Symfony\Component\Debug\Exception\FatalErrorException: Method Laravel\Lumen\Http\Request::__toString() must not throw an exception, caught ErrorException: Undefined variable: resuest in E:\xampp\htdocs\AccountManagement\app\Http\Controllers\AccountController.php:0
Stack trace:
#0 E:\xampp\htdocs\AccountManagement\vendor\laravel\lumen-framework\src\Concerns\RegistersExceptionHandlers.php(54): Laravel\Lumen\Application->handleShutdown()
#1 [internal function]: Laravel\Lumen\Application->Laravel\Lumen\Concerns\{closure}()
#2 {main} {"exception":"[object] (Symfony\\Component\\Debug\\Exception\\FatalErrorException(code: 1): Method Laravel\\Lumen\\Http\\Request::__toString() must not throw an exception, caught ErrorException: Undefined variable: resuest at E:\\xampp\\htdocs\\AccountManagement\\app\\Http\\Controllers\\AccountController.php:0)
[stacktrace]
#0 E:\\xampp\\htdocs\\AccountManagement\\vendor\\laravel\\lumen-framework\\src\\Concerns\\RegistersExceptionHandlers.php(54): Laravel\\Lumen\\Application->handleShutdown()
#1 [internal function]: Laravel\\Lumen\\Application->Laravel\\Lumen\\Concerns\\{closure}()
#2 {main}
"} 
[2019-03-13 10:47:12] local.ERROR: ErrorException: apache_request_headers() expects exactly 0 parameters, 1 given in E:\xampp\htdocs\AccountManagement\app\Http\Controllers\AccountController.php:15
Stack trace:
#0 [internal function]: Laravel\Lumen\Application->Laravel\Lumen\Concerns\{closure}(2, 'apache_request_...', 'E:\\xampp\\htdocs...', 15, Array)
#1 E:\xampp\htdocs\AccountManagement\app\Http\Controllers\AccountController.php(15): apache_request_headers('user_id')
#2 [internal function]: App\Http\Controllers\AccountController->showAllAccounts(Object(Laravel\Lumen\Http\Request))
#3 E:\xampp\htdocs\AccountManagement\vendor\illuminate\container\BoundMethod.php(32): call_user_func_array(Array, Array)
#4 E:\xampp\htdocs\AccountManagement\vendor\illuminate\container\BoundMethod.php(90): Illuminate\Container\BoundMethod::Illuminate\Container\{closure}()
#5 E:\xampp\htdocs\AccountManagement\vendor\illuminate\container\BoundMethod.php(34): Illuminate\Container\BoundMethod::callBoundMethod(Object(Laravel\Lumen\Application), Array, Object(Closure))
#6 E:\xampp\htdocs\AccountManagement\vendor\illuminate\container\Container.php(580): Illuminate\Container\BoundMethod::call(Object(Laravel\Lumen\Application), Array, Array, NULL)
#7 E:\xampp\htdocs\AccountManagement\vendor\laravel\lumen-framework\src\Concerns\RoutesRequests.php(376): Illuminate\Container\Container->call(Array, Array)
#8 E:\xampp\htdocs\AccountManagement\vendor\laravel\lumen-framework\src\Concerns\RoutesRequests.php(342): Laravel\Lumen\Application->callControllerCallable(Array, Array)
#9 E:\xampp\htdocs\AccountManagement\vendor\laravel\lumen-framework\src\Concerns\RoutesRequests.php(316): Laravel\Lumen\Application->callLumenController(Object(App\Http\Controllers\AccountController), 'showAllAccounts', Array)
#10 E:\xampp\htdocs\AccountManagement\vendor\laravel\lumen-framework\src\Concerns\RoutesRequests.php(278): Laravel\Lumen\Application->callControllerAction(Array)
#11 E:\xampp\htdocs\AccountManagement\vendor\laravel\lumen-framework\src\Concerns\RoutesRequests.php(263): Laravel\Lumen\Application->callActionOnArrayBasedRoute(Array)
#12 E:\xampp\htdocs\AccountManagement\vendor\laravel\lumen-framework\src\Concerns\RoutesRequests.php(165): Laravel\Lumen\Application->handleFoundRoute(Array)
#13 E:\xampp\htdocs\AccountManagement\vendor\laravel\lumen-framework\src\Concerns\RoutesRequests.php(416): Laravel\Lumen\Application->Laravel\Lumen\Concerns\{closure}(Object(Laravel\Lumen\Http\Request))
#14 E:\xampp\htdocs\AccountManagement\vendor\laravel\lumen-framework\src\Concerns\RoutesRequests.php(171): Laravel\Lumen\Application->sendThroughPipeline(Array, Object(Closure))
#15 E:\xampp\htdocs\AccountManagement\vendor\laravel\lumen-framework\src\Concerns\RoutesRequests.php(108): Laravel\Lumen\Application->dispatch(NULL)
#16 E:\xampp\htdocs\AccountManagement\public\index.php(28): Laravel\Lumen\Application->run()
#17 {main} {"exception":"[object] (ErrorException(code: 0): apache_request_headers() expects exactly 0 parameters, 1 given at E:\\xampp\\htdocs\\AccountManagement\\app\\Http\\Controllers\\AccountController.php:15)
[stacktrace]
#0 [internal function]: Laravel\\Lumen\\Application->Laravel\\Lumen\\Concerns\\{closure}(2, 'apache_request_...', 'E:\\\\xampp\\\\htdocs...', 15, Array)
#1 E:\\xampp\\htdocs\\AccountManagement\\app\\Http\\Controllers\\AccountController.php(15): apache_request_headers('user_id')
#2 [internal function]: App\\Http\\Controllers\\AccountController->showAllAccounts(Object(Laravel\\Lumen\\Http\\Request))
#3 E:\\xampp\\htdocs\\AccountManagement\\vendor\\illuminate\\container\\BoundMethod.php(32): call_user_func_array(Array, Array)
#4 E:\\xampp\\htdocs\\AccountManagement\\vendor\\illuminate\\container\\BoundMethod.php(90): Illuminate\\Container\\BoundMethod::Illuminate\\Container\\{closure}()
#5 E:\\xampp\\htdocs\\AccountManagement\\vendor\\illuminate\\container\\BoundMethod.php(34): Illuminate\\Container\\BoundMethod::callBoundMethod(Object(Laravel\\Lumen\\Application), Array, Object(Closure))
#6 E:\\xampp\\htdocs\\AccountManagement\\vendor\\illuminate\\container\\Container.php(580): Illuminate\\Container\\BoundMethod::call(Object(Laravel\\Lumen\\Application), Array, Array, NULL)
#7 E:\\xampp\\htdocs\\AccountManagement\\vendor\\laravel\\lumen-framework\\src\\Concerns\\RoutesRequests.php(376): Illuminate\\Container\\Container->call(Array, Array)
#8 E:\\xampp\\htdocs\\AccountManagement\\vendor\\laravel\\lumen-framework\\src\\Concerns\\RoutesRequests.php(342): Laravel\\Lumen\\Application->callControllerCallable(Array, Array)
#9 E:\\xampp\\htdocs\\AccountManagement\\vendor\\laravel\\lumen-framework\\src\\Concerns\\RoutesRequests.php(316): Laravel\\Lumen\\Application->callLumenController(Object(App\\Http\\Controllers\\AccountController), 'showAllAccounts', Array)
#10 E:\\xampp\\htdocs\\AccountManagement\\vendor\\laravel\\lumen-framework\\src\\Concerns\\RoutesRequests.php(278): Laravel\\Lumen\\Application->callControllerAction(Array)
#11 E:\\xampp\\htdocs\\AccountManagement\\vendor\\laravel\\lumen-framework\\src\\Concerns\\RoutesRequests.php(263): Laravel\\Lumen\\Application->callActionOnArrayBasedRoute(Array)
#12 E:\\xampp\\htdocs\\AccountManagement\\vendor\\laravel\\lumen-framework\\src\\Concerns\\RoutesRequests.php(165): Laravel\\Lumen\\Application->handleFoundRoute(Array)
#13 E:\\xampp\\htdocs\\AccountManagement\\vendor\\laravel\\lumen-framework\\src\\Concerns\\RoutesRequests.php(416): Laravel\\Lumen\\Application->Laravel\\Lumen\\Concerns\\{closure}(Object(Laravel\\Lumen\\Http\\Request))
#14 E:\\xampp\\htdocs\\AccountManagement\\vendor\\laravel\\lumen-framework\\src\\Concerns\\RoutesRequests.php(171): Laravel\\Lumen\\Application->sendThroughPipeline(Array, Object(Closure))
#15 E:\\xampp\\htdocs\\AccountManagement\\vendor\\laravel\\lumen-framework\\src\\Concerns\\RoutesRequests.php(108): Laravel\\Lumen\\Application->dispatch(NULL)
#16 E:\\xampp\\htdocs\\AccountManagement\\public\\index.php(28): Laravel\\Lumen\\Application->run()
#17 {main}
"} 
[2019-03-13 10:49:30] local.ERROR: ErrorException: Undefined variable: header in E:\xampp\htdocs\AccountManagement\app\Http\Controllers\AccountController.php:19
Stack trace:
#0 E:\xampp\htdocs\AccountManagement\app\Http\Controllers\AccountController.php(19): Laravel\Lumen\Application->Laravel\Lumen\Concerns\{closure}(8, 'Undefined varia...', 'E:\\xampp\\htdocs...', 19, Array)
#1 [internal function]: App\Http\Controllers\AccountController->showAllAccounts(Object(Laravel\Lumen\Http\Request))
#2 E:\xampp\htdocs\AccountManagement\vendor\illuminate\container\BoundMethod.php(32): call_user_func_array(Array, Array)
#3 E:\xampp\htdocs\AccountManagement\vendor\illuminate\container\BoundMethod.php(90): Illuminate\Container\BoundMethod::Illuminate\Container\{closure}()
#4 E:\xampp\htdocs\AccountManagement\vendor\illuminate\container\BoundMethod.php(34): Illuminate\Container\BoundMethod::callBoundMethod(Object(Laravel\Lumen\Application), Array, Object(Closure))
#5 E:\xampp\htdocs\AccountManagement\vendor\illuminate\container\Container.php(580): Illuminate\Container\BoundMethod::call(Object(Laravel\Lumen\Application), Array, Array, NULL)
#6 E:\xampp\htdocs\AccountManagement\vendor\laravel\lumen-framework\src\Concerns\RoutesRequests.php(376): Illuminate\Container\Container->call(Array, Array)
#7 E:\xampp\htdocs\AccountManagement\vendor\laravel\lumen-framework\src\Concerns\RoutesRequests.php(342): Laravel\Lumen\Application->callControllerCallable(Array, Array)
#8 E:\xampp\htdocs\AccountManagement\vendor\laravel\lumen-framework\src\Concerns\RoutesRequests.php(316): Laravel\Lumen\Application->callLumenController(Object(App\Http\Controllers\AccountController), 'showAllAccounts', Array)
#9 E:\xampp\htdocs\AccountManagement\vendor\laravel\lumen-framework\src\Concerns\RoutesRequests.php(278): Laravel\Lumen\Application->callControllerAction(Array)
#10 E:\xampp\htdocs\AccountManagement\vendor\laravel\lumen-framework\src\Concerns\RoutesRequests.php(263): Laravel\Lumen\Application->callActionOnArrayBasedRoute(Array)
#11 E:\xampp\htdocs\AccountManagement\vendor\laravel\lumen-framework\src\Concerns\RoutesRequests.php(165): Laravel\Lumen\Application->handleFoundRoute(Array)
#12 E:\xampp\htdocs\AccountManagement\vendor\laravel\lumen-framework\src\Concerns\RoutesRequests.php(416): Laravel\Lumen\Application->Laravel\Lumen\Concerns\{closure}(Object(Laravel\Lumen\Http\Request))
#13 E:\xampp\htdocs\AccountManagement\vendor\laravel\lumen-framework\src\Concerns\RoutesRequests.php(171): Laravel\Lumen\Application->sendThroughPipeline(Array, Object(Closure))
#14 E:\xampp\htdocs\AccountManagement\vendor\laravel\lumen-framework\src\Concerns\RoutesRequests.php(108): Laravel\Lumen\Application->dispatch(NULL)
#15 E:\xampp\htdocs\AccountManagement\public\index.php(28): Laravel\Lumen\Application->run()
#16 {main} {"exception":"[object] (ErrorException(code: 0): Undefined variable: header at E:\\xampp\\htdocs\\AccountManagement\\app\\Http\\Controllers\\AccountController.php:19)
[stacktrace]
#0 E:\\xampp\\htdocs\\AccountManagement\\app\\Http\\Controllers\\AccountController.php(19): Laravel\\Lumen\\Application->Laravel\\Lumen\\Concerns\\{closure}(8, 'Undefined varia...', 'E:\\\\xampp\\\\htdocs...', 19, Array)
#1 [internal function]: App\\Http\\Controllers\\AccountController->showAllAccounts(Object(Laravel\\Lumen\\Http\\Request))
#2 E:\\xampp\\htdocs\\AccountManagement\\vendor\\illuminate\\container\\BoundMethod.php(32): call_user_func_array(Array, Array)
#3 E:\\xampp\\htdocs\\AccountManagement\\vendor\\illuminate\\container\\BoundMethod.php(90): Illuminate\\Container\\BoundMethod::Illuminate\\Container\\{closure}()
#4 E:\\xampp\\htdocs\\AccountManagement\\vendor\\illuminate\\container\\BoundMethod.php(34): Illuminate\\Container\\BoundMethod::callBoundMethod(Object(Laravel\\Lumen\\Application), Array, Object(Closure))
#5 E:\\xampp\\htdocs\\AccountManagement\\vendor\\illuminate\\container\\Container.php(580): Illuminate\\Container\\BoundMethod::call(Object(Laravel\\Lumen\\Application), Array, Array, NULL)
#6 E:\\xampp\\htdocs\\AccountManagement\\vendor\\laravel\\lumen-framework\\src\\Concerns\\RoutesRequests.php(376): Illuminate\\Container\\Container->call(Array, Array)
#7 E:\\xampp\\htdocs\\AccountManagement\\vendor\\laravel\\lumen-framework\\src\\Concerns\\RoutesRequests.php(342): Laravel\\Lumen\\Application->callControllerCallable(Array, Array)
#8 E:\\xampp\\htdocs\\AccountManagement\\vendor\\laravel\\lumen-framework\\src\\Concerns\\RoutesRequests.php(316): Laravel\\Lumen\\Application->callLumenController(Object(App\\Http\\Controllers\\AccountController), 'showAllAccounts', Array)
#9 E:\\xampp\\htdocs\\AccountManagement\\vendor\\laravel\\lumen-framework\\src\\Concerns\\RoutesRequests.php(278): Laravel\\Lumen\\Application->callControllerAction(Array)
#10 E:\\xampp\\htdocs\\AccountManagement\\vendor\\laravel\\lumen-framework\\src\\Concerns\\RoutesRequests.php(263): Laravel\\Lumen\\Application->callActionOnArrayBasedRoute(Array)
#11 E:\\xampp\\htdocs\\AccountManagement\\vendor\\laravel\\lumen-framework\\src\\Concerns\\RoutesRequests.php(165): Laravel\\Lumen\\Application->handleFoundRoute(Array)
#12 E:\\xampp\\htdocs\\AccountManagement\\vendor\\laravel\\lumen-framework\\src\\Concerns\\RoutesRequests.php(416): Laravel\\Lumen\\Application->Laravel\\Lumen\\Concerns\\{closure}(Object(Laravel\\Lumen\\Http\\Request))
#13 E:\\xampp\\htdocs\\AccountManagement\\vendor\\laravel\\lumen-framework\\src\\Concerns\\RoutesRequests.php(171): Laravel\\Lumen\\Application->sendThroughPipeline(Array, Object(Closure))
#14 E:\\xampp\\htdocs\\AccountManagement\\vendor\\laravel\\lumen-framework\\src\\Concerns\\RoutesRequests.php(108): Laravel\\Lumen\\Application->dispatch(NULL)
#15 E:\\xampp\\htdocs\\AccountManagement\\public\\index.php(28): Laravel\\Lumen\\Application->run()
#16 {main}
"} 
[2019-03-13 10:50:24] local.ERROR: ErrorException: Undefined variable: temp in E:\xampp\htdocs\AccountManagement\app\Http\Controllers\AccountController.php:27
Stack trace:
#0 E:\xampp\htdocs\AccountManagement\app\Http\Controllers\AccountController.php(27): Laravel\Lumen\Application->Laravel\Lumen\Concerns\{closure}(8, 'Undefined varia...', 'E:\\xampp\\htdocs...', 27, Array)
#1 [internal function]: App\Http\Controllers\AccountController->showAllAccounts(Object(Laravel\Lumen\Http\Request))
#2 E:\xampp\htdocs\AccountManagement\vendor\illuminate\container\BoundMethod.php(32): call_user_func_array(Array, Array)
#3 E:\xampp\htdocs\AccountManagement\vendor\illuminate\container\BoundMethod.php(90): Illuminate\Container\BoundMethod::Illuminate\Container\{closure}()
#4 E:\xampp\htdocs\AccountManagement\vendor\illuminate\container\BoundMethod.php(34): Illuminate\Container\BoundMethod::callBoundMethod(Object(Laravel\Lumen\Application), Array, Object(Closure))
#5 E:\xampp\htdocs\AccountManagement\vendor\illuminate\container\Container.php(580): Illuminate\Container\BoundMethod::call(Object(Laravel\Lumen\Application), Array, Array, NULL)
#6 E:\xampp\htdocs\AccountManagement\vendor\laravel\lumen-framework\src\Concerns\RoutesRequests.php(376): Illuminate\Container\Container->call(Array, Array)
#7 E:\xampp\htdocs\AccountManagement\vendor\laravel\lumen-framework\src\Concerns\RoutesRequests.php(342): Laravel\Lumen\Application->callControllerCallable(Array, Array)
#8 E:\xampp\htdocs\AccountManagement\vendor\laravel\lumen-framework\src\Concerns\RoutesRequests.php(316): Laravel\Lumen\Application->callLumenController(Object(App\Http\Controllers\AccountController), 'showAllAccounts', Array)
#9 E:\xampp\htdocs\AccountManagement\vendor\laravel\lumen-framework\src\Concerns\RoutesRequests.php(278): Laravel\Lumen\Application->callControllerAction(Array)
#10 E:\xampp\htdocs\AccountManagement\vendor\laravel\lumen-framework\src\Concerns\RoutesRequests.php(263): Laravel\Lumen\Application->callActionOnArrayBasedRoute(Array)
#11 E:\xampp\htdocs\AccountManagement\vendor\laravel\lumen-framework\src\Concerns\RoutesRequests.php(165): Laravel\Lumen\Application->handleFoundRoute(Array)
#12 E:\xampp\htdocs\AccountManagement\vendor\laravel\lumen-framework\src\Concerns\RoutesRequests.php(416): Laravel\Lumen\Application->Laravel\Lumen\Concerns\{closure}(Object(Laravel\Lumen\Http\Request))
#13 E:\xampp\htdocs\AccountManagement\vendor\laravel\lumen-framework\src\Concerns\RoutesRequests.php(171): Laravel\Lumen\Application->sendThroughPipeline(Array, Object(Closure))
#14 E:\xampp\htdocs\AccountManagement\vendor\laravel\lumen-framework\src\Concerns\RoutesRequests.php(108): Laravel\Lumen\Application->dispatch(NULL)
#15 E:\xampp\htdocs\AccountManagement\public\index.php(28): Laravel\Lumen\Application->run()
#16 {main} {"exception":"[object] (ErrorException(code: 0): Undefined variable: temp at E:\\xampp\\htdocs\\AccountManagement\\app\\Http\\Controllers\\AccountController.php:27)
[stacktrace]
#0 E:\\xampp\\htdocs\\AccountManagement\\app\\Http\\Controllers\\AccountController.php(27): Laravel\\Lumen\\Application->Laravel\\Lumen\\Concerns\\{closure}(8, 'Undefined varia...', 'E:\\\\xampp\\\\htdocs...', 27, Array)
#1 [internal function]: App\\Http\\Controllers\\AccountController->showAllAccounts(Object(Laravel\\Lumen\\Http\\Request))
#2 E:\\xampp\\htdocs\\AccountManagement\\vendor\\illuminate\\container\\BoundMethod.php(32): call_user_func_array(Array, Array)
#3 E:\\xampp\\htdocs\\AccountManagement\\vendor\\illuminate\\container\\BoundMethod.php(90): Illuminate\\Container\\BoundMethod::Illuminate\\Container\\{closure}()
#4 E:\\xampp\\htdocs\\AccountManagement\\vendor\\illuminate\\container\\BoundMethod.php(34): Illuminate\\Container\\BoundMethod::callBoundMethod(Object(Laravel\\Lumen\\Application), Array, Object(Closure))
#5 E:\\xampp\\htdocs\\AccountManagement\\vendor\\illuminate\\container\\Container.php(580): Illuminate\\Container\\BoundMethod::call(Object(Laravel\\Lumen\\Application), Array, Array, NULL)
#6 E:\\xampp\\htdocs\\AccountManagement\\vendor\\laravel\\lumen-framework\\src\\Concerns\\RoutesRequests.php(376): Illuminate\\Container\\Container->call(Array, Array)
#7 E:\\xampp\\htdocs\\AccountManagement\\vendor\\laravel\\lumen-framework\\src\\Concerns\\RoutesRequests.php(342): Laravel\\Lumen\\Application->callControllerCallable(Array, Array)
#8 E:\\xampp\\htdocs\\AccountManagement\\vendor\\laravel\\lumen-framework\\src\\Concerns\\RoutesRequests.php(316): Laravel\\Lumen\\Application->callLumenController(Object(App\\Http\\Controllers\\AccountController), 'showAllAccounts', Array)
#9 E:\\xampp\\htdocs\\AccountManagement\\vendor\\laravel\\lumen-framework\\src\\Concerns\\RoutesRequests.php(278): Laravel\\Lumen\\Application->callControllerAction(Array)
#10 E:\\xampp\\htdocs\\AccountManagement\\vendor\\laravel\\lumen-framework\\src\\Concerns\\RoutesRequests.php(263): Laravel\\Lumen\\Application->callActionOnArrayBasedRoute(Array)
#11 E:\\xampp\\htdocs\\AccountManagement\\vendor\\laravel\\lumen-framework\\src\\Concerns\\RoutesRequests.php(165): Laravel\\Lumen\\Application->handleFoundRoute(Array)
#12 E:\\xampp\\htdocs\\AccountManagement\\vendor\\laravel\\lumen-framework\\src\\Concerns\\RoutesRequests.php(416): Laravel\\Lumen\\Application->Laravel\\Lumen\\Concerns\\{closure}(Object(Laravel\\Lumen\\Http\\Request))
#13 E:\\xampp\\htdocs\\AccountManagement\\vendor\\laravel\\lumen-framework\\src\\Concerns\\RoutesRequests.php(171): Laravel\\Lumen\\Application->sendThroughPipeline(Array, Object(Closure))
#14 E:\\xampp\\htdocs\\AccountManagement\\vendor\\laravel\\lumen-framework\\src\\Concerns\\RoutesRequests.php(108): Laravel\\Lumen\\Application->dispatch(NULL)
#15 E:\\xampp\\htdocs\\AccountManagement\\public\\index.php(28): Laravel\\Lumen\\Application->run()
#16 {main}
"} 
[2019-03-13 10:51:03] local.ERROR: ErrorException: Undefined variable: temp in E:\xampp\htdocs\AccountManagement\app\Http\Controllers\AccountController.php:27
Stack trace:
#0 E:\xampp\htdocs\AccountManagement\app\Http\Controllers\AccountController.php(27): Laravel\Lumen\Application->Laravel\Lumen\Concerns\{closure}(8, 'Undefined varia...', 'E:\\xampp\\htdocs...', 27, Array)
#1 [internal function]: App\Http\Controllers\AccountController->showAllAccounts(Object(Laravel\Lumen\Http\Request))
#2 E:\xampp\htdocs\AccountManagement\vendor\illuminate\container\BoundMethod.php(32): call_user_func_array(Array, Array)
#3 E:\xampp\htdocs\AccountManagement\vendor\illuminate\container\BoundMethod.php(90): Illuminate\Container\BoundMethod::Illuminate\Container\{closure}()
#4 E:\xampp\htdocs\AccountManagement\vendor\illuminate\container\BoundMethod.php(34): Illuminate\Container\BoundMethod::callBoundMethod(Object(Laravel\Lumen\Application), Array, Object(Closure))
#5 E:\xampp\htdocs\AccountManagement\vendor\illuminate\container\Container.php(580): Illuminate\Container\BoundMethod::call(Object(Laravel\Lumen\Application), Array, Array, NULL)
#6 E:\xampp\htdocs\AccountManagement\vendor\laravel\lumen-framework\src\Concerns\RoutesRequests.php(376): Illuminate\Container\Container->call(Array, Array)
#7 E:\xampp\htdocs\AccountManagement\vendor\laravel\lumen-framework\src\Concerns\RoutesRequests.php(342): Laravel\Lumen\Application->callControllerCallable(Array, Array)
#8 E:\xampp\htdocs\AccountManagement\vendor\laravel\lumen-framework\src\Concerns\RoutesRequests.php(316): Laravel\Lumen\Application->callLumenController(Object(App\Http\Controllers\AccountController), 'showAllAccounts', Array)
#9 E:\xampp\htdocs\AccountManagement\vendor\laravel\lumen-framework\src\Concerns\RoutesRequests.php(278): Laravel\Lumen\Application->callControllerAction(Array)
#10 E:\xampp\htdocs\AccountManagement\vendor\laravel\lumen-framework\src\Concerns\RoutesRequests.php(263): Laravel\Lumen\Application->callActionOnArrayBasedRoute(Array)
#11 E:\xampp\htdocs\AccountManagement\vendor\laravel\lumen-framework\src\Concerns\RoutesRequests.php(165): Laravel\Lumen\Application->handleFoundRoute(Array)
#12 E:\xampp\htdocs\AccountManagement\vendor\laravel\lumen-framework\src\Concerns\RoutesRequests.php(416): Laravel\Lumen\Application->Laravel\Lumen\Concerns\{closure}(Object(Laravel\Lumen\Http\Request))
#13 E:\xampp\htdocs\AccountManagement\vendor\laravel\lumen-framework\src\Concerns\RoutesRequests.php(171): Laravel\Lumen\Application->sendThroughPipeline(Array, Object(Closure))
#14 E:\xampp\htdocs\AccountManagement\vendor\laravel\lumen-framework\src\Concerns\RoutesRequests.php(108): Laravel\Lumen\Application->dispatch(NULL)
#15 E:\xampp\htdocs\AccountManagement\public\index.php(28): Laravel\Lumen\Application->run()
#16 {main} {"exception":"[object] (ErrorException(code: 0): Undefined variable: temp at E:\\xampp\\htdocs\\AccountManagement\\app\\Http\\Controllers\\AccountController.php:27)
[stacktrace]
#0 E:\\xampp\\htdocs\\AccountManagement\\app\\Http\\Controllers\\AccountController.php(27): Laravel\\Lumen\\Application->Laravel\\Lumen\\Concerns\\{closure}(8, 'Undefined varia...', 'E:\\\\xampp\\\\htdocs...', 27, Array)
#1 [internal function]: App\\Http\\Controllers\\AccountController->showAllAccounts(Object(Laravel\\Lumen\\Http\\Request))
#2 E:\\xampp\\htdocs\\AccountManagement\\vendor\\illuminate\\container\\BoundMethod.php(32): call_user_func_array(Array, Array)
#3 E:\\xampp\\htdocs\\AccountManagement\\vendor\\illuminate\\container\\BoundMethod.php(90): Illuminate\\Container\\BoundMethod::Illuminate\\Container\\{closure}()
#4 E:\\xampp\\htdocs\\AccountManagement\\vendor\\illuminate\\container\\BoundMethod.php(34): Illuminate\\Container\\BoundMethod::callBoundMethod(Object(Laravel\\Lumen\\Application), Array, Object(Closure))
#5 E:\\xampp\\htdocs\\AccountManagement\\vendor\\illuminate\\container\\Container.php(580): Illuminate\\Container\\BoundMethod::call(Object(Laravel\\Lumen\\Application), Array, Array, NULL)
#6 E:\\xampp\\htdocs\\AccountManagement\\vendor\\laravel\\lumen-framework\\src\\Concerns\\RoutesRequests.php(376): Illuminate\\Container\\Container->call(Array, Array)
#7 E:\\xampp\\htdocs\\AccountManagement\\vendor\\laravel\\lumen-framework\\src\\Concerns\\RoutesRequests.php(342): Laravel\\Lumen\\Application->callControllerCallable(Array, Array)
#8 E:\\xampp\\htdocs\\AccountManagement\\vendor\\laravel\\lumen-framework\\src\\Concerns\\RoutesRequests.php(316): Laravel\\Lumen\\Application->callLumenController(Object(App\\Http\\Controllers\\AccountController), 'showAllAccounts', Array)
#9 E:\\xampp\\htdocs\\AccountManagement\\vendor\\laravel\\lumen-framework\\src\\Concerns\\RoutesRequests.php(278): Laravel\\Lumen\\Application->callControllerAction(Array)
#10 E:\\xampp\\htdocs\\AccountManagement\\vendor\\laravel\\lumen-framework\\src\\Concerns\\RoutesRequests.php(263): Laravel\\Lumen\\Application->callActionOnArrayBasedRoute(Array)
#11 E:\\xampp\\htdocs\\AccountManagement\\vendor\\laravel\\lumen-framework\\src\\Concerns\\RoutesRequests.php(165): Laravel\\Lumen\\Application->handleFoundRoute(Array)
#12 E:\\xampp\\htdocs\\AccountManagement\\vendor\\laravel\\lumen-framework\\src\\Concerns\\RoutesRequests.php(416): Laravel\\Lumen\\Application->Laravel\\Lumen\\Concerns\\{closure}(Object(Laravel\\Lumen\\Http\\Request))
#13 E:\\xampp\\htdocs\\AccountManagement\\vendor\\laravel\\lumen-framework\\src\\Concerns\\RoutesRequests.php(171): Laravel\\Lumen\\Application->sendThroughPipeline(Array, Object(Closure))
#14 E:\\xampp\\htdocs\\AccountManagement\\vendor\\laravel\\lumen-framework\\src\\Concerns\\RoutesRequests.php(108): Laravel\\Lumen\\Application->dispatch(NULL)
#15 E:\\xampp\\htdocs\\AccountManagement\\public\\index.php(28): Laravel\\Lumen\\Application->run()
#16 {main}
"} 
[2019-03-13 10:54:39] local.ERROR: ErrorException: Undefined variable: temp in E:\xampp\htdocs\AccountManagement\app\Http\Controllers\AccountController.php:27
Stack trace:
#0 E:\xampp\htdocs\AccountManagement\app\Http\Controllers\AccountController.php(27): Laravel\Lumen\Application->Laravel\Lumen\Concerns\{closure}(8, 'Undefined varia...', 'E:\\xampp\\htdocs...', 27, Array)
#1 [internal function]: App\Http\Controllers\AccountController->showAllAccounts(Object(Laravel\Lumen\Http\Request))
#2 E:\xampp\htdocs\AccountManagement\vendor\illuminate\container\BoundMethod.php(32): call_user_func_array(Array, Array)
#3 E:\xampp\htdocs\AccountManagement\vendor\illuminate\container\BoundMethod.php(90): Illuminate\Container\BoundMethod::Illuminate\Container\{closure}()
#4 E:\xampp\htdocs\AccountManagement\vendor\illuminate\container\BoundMethod.php(34): Illuminate\Container\BoundMethod::callBoundMethod(Object(Laravel\Lumen\Application), Array, Object(Closure))
#5 E:\xampp\htdocs\AccountManagement\vendor\illuminate\container\Container.php(580): Illuminate\Container\BoundMethod::call(Object(Laravel\Lumen\Application), Array, Array, NULL)
#6 E:\xampp\htdocs\AccountManagement\vendor\laravel\lumen-framework\src\Concerns\RoutesRequests.php(376): Illuminate\Container\Container->call(Array, Array)
#7 E:\xampp\htdocs\AccountManagement\vendor\laravel\lumen-framework\src\Concerns\RoutesRequests.php(342): Laravel\Lumen\Application->callControllerCallable(Array, Array)
#8 E:\xampp\htdocs\AccountManagement\vendor\laravel\lumen-framework\src\Concerns\RoutesRequests.php(316): Laravel\Lumen\Application->callLumenController(Object(App\Http\Controllers\AccountController), 'showAllAccounts', Array)
#9 E:\xampp\htdocs\AccountManagement\vendor\laravel\lumen-framework\src\Concerns\RoutesRequests.php(278): Laravel\Lumen\Application->callControllerAction(Array)
#10 E:\xampp\htdocs\AccountManagement\vendor\laravel\lumen-framework\src\Concerns\RoutesRequests.php(263): Laravel\Lumen\Application->callActionOnArrayBasedRoute(Array)
#11 E:\xampp\htdocs\AccountManagement\vendor\laravel\lumen-framework\src\Concerns\RoutesRequests.php(165): Laravel\Lumen\Application->handleFoundRoute(Array)
#12 E:\xampp\htdocs\AccountManagement\vendor\laravel\lumen-framework\src\Concerns\RoutesRequests.php(416): Laravel\Lumen\Application->Laravel\Lumen\Concerns\{closure}(Object(Laravel\Lumen\Http\Request))
#13 E:\xampp\htdocs\AccountManagement\vendor\laravel\lumen-framework\src\Concerns\RoutesRequests.php(171): Laravel\Lumen\Application->sendThroughPipeline(Array, Object(Closure))
#14 E:\xampp\htdocs\AccountManagement\vendor\laravel\lumen-framework\src\Concerns\RoutesRequests.php(108): Laravel\Lumen\Application->dispatch(NULL)
#15 E:\xampp\htdocs\AccountManagement\public\index.php(28): Laravel\Lumen\Application->run()
#16 {main} {"exception":"[object] (ErrorException(code: 0): Undefined variable: temp at E:\\xampp\\htdocs\\AccountManagement\\app\\Http\\Controllers\\AccountController.php:27)
[stacktrace]
#0 E:\\xampp\\htdocs\\AccountManagement\\app\\Http\\Controllers\\AccountController.php(27): Laravel\\Lumen\\Application->Laravel\\Lumen\\Concerns\\{closure}(8, 'Undefined varia...', 'E:\\\\xampp\\\\htdocs...', 27, Array)
#1 [internal function]: App\\Http\\Controllers\\AccountController->showAllAccounts(Object(Laravel\\Lumen\\Http\\Request))
#2 E:\\xampp\\htdocs\\AccountManagement\\vendor\\illuminate\\container\\BoundMethod.php(32): call_user_func_array(Array, Array)
#3 E:\\xampp\\htdocs\\AccountManagement\\vendor\\illuminate\\container\\BoundMethod.php(90): Illuminate\\Container\\BoundMethod::Illuminate\\Container\\{closure}()
#4 E:\\xampp\\htdocs\\AccountManagement\\vendor\\illuminate\\container\\BoundMethod.php(34): Illuminate\\Container\\BoundMethod::callBoundMethod(Object(Laravel\\Lumen\\Application), Array, Object(Closure))
#5 E:\\xampp\\htdocs\\AccountManagement\\vendor\\illuminate\\container\\Container.php(580): Illuminate\\Container\\BoundMethod::call(Object(Laravel\\Lumen\\Application), Array, Array, NULL)
#6 E:\\xampp\\htdocs\\AccountManagement\\vendor\\laravel\\lumen-framework\\src\\Concerns\\RoutesRequests.php(376): Illuminate\\Container\\Container->call(Array, Array)
#7 E:\\xampp\\htdocs\\AccountManagement\\vendor\\laravel\\lumen-framework\\src\\Concerns\\RoutesRequests.php(342): Laravel\\Lumen\\Application->callControllerCallable(Array, Array)
#8 E:\\xampp\\htdocs\\AccountManagement\\vendor\\laravel\\lumen-framework\\src\\Concerns\\RoutesRequests.php(316): Laravel\\Lumen\\Application->callLumenController(Object(App\\Http\\Controllers\\AccountController), 'showAllAccounts', Array)
#9 E:\\xampp\\htdocs\\AccountManagement\\vendor\\laravel\\lumen-framework\\src\\Concerns\\RoutesRequests.php(278): Laravel\\Lumen\\Application->callControllerAction(Array)
#10 E:\\xampp\\htdocs\\AccountManagement\\vendor\\laravel\\lumen-framework\\src\\Concerns\\RoutesRequests.php(263): Laravel\\Lumen\\Application->callActionOnArrayBasedRoute(Array)
#11 E:\\xampp\\htdocs\\AccountManagement\\vendor\\laravel\\lumen-framework\\src\\Concerns\\RoutesRequests.php(165): Laravel\\Lumen\\Application->handleFoundRoute(Array)
#12 E:\\xampp\\htdocs\\AccountManagement\\vendor\\laravel\\lumen-framework\\src\\Concerns\\RoutesRequests.php(416): Laravel\\Lumen\\Application->Laravel\\Lumen\\Concerns\\{closure}(Object(Laravel\\Lumen\\Http\\Request))
#13 E:\\xampp\\htdocs\\AccountManagement\\vendor\\laravel\\lumen-framework\\src\\Concerns\\RoutesRequests.php(171): Laravel\\Lumen\\Application->sendThroughPipeline(Array, Object(Closure))
#14 E:\\xampp\\htdocs\\AccountManagement\\vendor\\laravel\\lumen-framework\\src\\Concerns\\RoutesRequests.php(108): Laravel\\Lumen\\Application->dispatch(NULL)
#15 E:\\xampp\\htdocs\\AccountManagement\\public\\index.php(28): Laravel\\Lumen\\Application->run()
#16 {main}
"} 
[2019-03-13 10:54:57] local.ERROR: ErrorException: Undefined variable: temp in E:\xampp\htdocs\AccountManagement\app\Http\Controllers\AccountController.php:27
Stack trace:
#0 E:\xampp\htdocs\AccountManagement\app\Http\Controllers\AccountController.php(27): Laravel\Lumen\Application->Laravel\Lumen\Concerns\{closure}(8, 'Undefined varia...', 'E:\\xampp\\htdocs...', 27, Array)
#1 [internal function]: App\Http\Controllers\AccountController->showAllAccounts(Object(Laravel\Lumen\Http\Request))
#2 E:\xampp\htdocs\AccountManagement\vendor\illuminate\container\BoundMethod.php(32): call_user_func_array(Array, Array)
#3 E:\xampp\htdocs\AccountManagement\vendor\illuminate\container\BoundMethod.php(90): Illuminate\Container\BoundMethod::Illuminate\Container\{closure}()
#4 E:\xampp\htdocs\AccountManagement\vendor\illuminate\container\BoundMethod.php(34): Illuminate\Container\BoundMethod::callBoundMethod(Object(Laravel\Lumen\Application), Array, Object(Closure))
#5 E:\xampp\htdocs\AccountManagement\vendor\illuminate\container\Container.php(580): Illuminate\Container\BoundMethod::call(Object(Laravel\Lumen\Application), Array, Array, NULL)
#6 E:\xampp\htdocs\AccountManagement\vendor\laravel\lumen-framework\src\Concerns\RoutesRequests.php(376): Illuminate\Container\Container->call(Array, Array)
#7 E:\xampp\htdocs\AccountManagement\vendor\laravel\lumen-framework\src\Concerns\RoutesRequests.php(342): Laravel\Lumen\Application->callControllerCallable(Array, Array)
#8 E:\xampp\htdocs\AccountManagement\vendor\laravel\lumen-framework\src\Concerns\RoutesRequests.php(316): Laravel\Lumen\Application->callLumenController(Object(App\Http\Controllers\AccountController), 'showAllAccounts', Array)
#9 E:\xampp\htdocs\AccountManagement\vendor\laravel\lumen-framework\src\Concerns\RoutesRequests.php(278): Laravel\Lumen\Application->callControllerAction(Array)
#10 E:\xampp\htdocs\AccountManagement\vendor\laravel\lumen-framework\src\Concerns\RoutesRequests.php(263): Laravel\Lumen\Application->callActionOnArrayBasedRoute(Array)
#11 E:\xampp\htdocs\AccountManagement\vendor\laravel\lumen-framework\src\Concerns\RoutesRequests.php(165): Laravel\Lumen\Application->handleFoundRoute(Array)
#12 E:\xampp\htdocs\AccountManagement\vendor\laravel\lumen-framework\src\Concerns\RoutesRequests.php(416): Laravel\Lumen\Application->Laravel\Lumen\Concerns\{closure}(Object(Laravel\Lumen\Http\Request))
#13 E:\xampp\htdocs\AccountManagement\vendor\laravel\lumen-framework\src\Concerns\RoutesRequests.php(171): Laravel\Lumen\Application->sendThroughPipeline(Array, Object(Closure))
#14 E:\xampp\htdocs\AccountManagement\vendor\laravel\lumen-framework\src\Concerns\RoutesRequests.php(108): Laravel\Lumen\Application->dispatch(NULL)
#15 E:\xampp\htdocs\AccountManagement\public\index.php(28): Laravel\Lumen\Application->run()
#16 {main} {"exception":"[object] (ErrorException(code: 0): Undefined variable: temp at E:\\xampp\\htdocs\\AccountManagement\\app\\Http\\Controllers\\AccountController.php:27)
[stacktrace]
#0 E:\\xampp\\htdocs\\AccountManagement\\app\\Http\\Controllers\\AccountController.php(27): Laravel\\Lumen\\Application->Laravel\\Lumen\\Concerns\\{closure}(8, 'Undefined varia...', 'E:\\\\xampp\\\\htdocs...', 27, Array)
#1 [internal function]: App\\Http\\Controllers\\AccountController->showAllAccounts(Object(Laravel\\Lumen\\Http\\Request))
#2 E:\\xampp\\htdocs\\AccountManagement\\vendor\\illuminate\\container\\BoundMethod.php(32): call_user_func_array(Array, Array)
#3 E:\\xampp\\htdocs\\AccountManagement\\vendor\\illuminate\\container\\BoundMethod.php(90): Illuminate\\Container\\BoundMethod::Illuminate\\Container\\{closure}()
#4 E:\\xampp\\htdocs\\AccountManagement\\vendor\\illuminate\\container\\BoundMethod.php(34): Illuminate\\Container\\BoundMethod::callBoundMethod(Object(Laravel\\Lumen\\Application), Array, Object(Closure))
#5 E:\\xampp\\htdocs\\AccountManagement\\vendor\\illuminate\\container\\Container.php(580): Illuminate\\Container\\BoundMethod::call(Object(Laravel\\Lumen\\Application), Array, Array, NULL)
#6 E:\\xampp\\htdocs\\AccountManagement\\vendor\\laravel\\lumen-framework\\src\\Concerns\\RoutesRequests.php(376): Illuminate\\Container\\Container->call(Array, Array)
#7 E:\\xampp\\htdocs\\AccountManagement\\vendor\\laravel\\lumen-framework\\src\\Concerns\\RoutesRequests.php(342): Laravel\\Lumen\\Application->callControllerCallable(Array, Array)
#8 E:\\xampp\\htdocs\\AccountManagement\\vendor\\laravel\\lumen-framework\\src\\Concerns\\RoutesRequests.php(316): Laravel\\Lumen\\Application->callLumenController(Object(App\\Http\\Controllers\\AccountController), 'showAllAccounts', Array)
#9 E:\\xampp\\htdocs\\AccountManagement\\vendor\\laravel\\lumen-framework\\src\\Concerns\\RoutesRequests.php(278): Laravel\\Lumen\\Application->callControllerAction(Array)
#10 E:\\xampp\\htdocs\\AccountManagement\\vendor\\laravel\\lumen-framework\\src\\Concerns\\RoutesRequests.php(263): Laravel\\Lumen\\Application->callActionOnArrayBasedRoute(Array)
#11 E:\\xampp\\htdocs\\AccountManagement\\vendor\\laravel\\lumen-framework\\src\\Concerns\\RoutesRequests.php(165): Laravel\\Lumen\\Application->handleFoundRoute(Array)
#12 E:\\xampp\\htdocs\\AccountManagement\\vendor\\laravel\\lumen-framework\\src\\Concerns\\RoutesRequests.php(416): Laravel\\Lumen\\Application->Laravel\\Lumen\\Concerns\\{closure}(Object(Laravel\\Lumen\\Http\\Request))
#13 E:\\xampp\\htdocs\\AccountManagement\\vendor\\laravel\\lumen-framework\\src\\Concerns\\RoutesRequests.php(171): Laravel\\Lumen\\Application->sendThroughPipeline(Array, Object(Closure))
#14 E:\\xampp\\htdocs\\AccountManagement\\vendor\\laravel\\lumen-framework\\src\\Concerns\\RoutesRequests.php(108): Laravel\\Lumen\\Application->dispatch(NULL)
#15 E:\\xampp\\htdocs\\AccountManagement\\public\\index.php(28): Laravel\\Lumen\\Application->run()
#16 {main}
"} 
[2019-03-13 10:55:06] local.ERROR: ErrorException: Undefined variable: temp in E:\xampp\htdocs\AccountManagement\app\Http\Controllers\AccountController.php:27
Stack trace:
#0 E:\xampp\htdocs\AccountManagement\app\Http\Controllers\AccountController.php(27): Laravel\Lumen\Application->Laravel\Lumen\Concerns\{closure}(8, 'Undefined varia...', 'E:\\xampp\\htdocs...', 27, Array)
#1 [internal function]: App\Http\Controllers\AccountController->showAllAccounts(Object(Laravel\Lumen\Http\Request))
#2 E:\xampp\htdocs\AccountManagement\vendor\illuminate\container\BoundMethod.php(32): call_user_func_array(Array, Array)
#3 E:\xampp\htdocs\AccountManagement\vendor\illuminate\container\BoundMethod.php(90): Illuminate\Container\BoundMethod::Illuminate\Container\{closure}()
#4 E:\xampp\htdocs\AccountManagement\vendor\illuminate\container\BoundMethod.php(34): Illuminate\Container\BoundMethod::callBoundMethod(Object(Laravel\Lumen\Application), Array, Object(Closure))
#5 E:\xampp\htdocs\AccountManagement\vendor\illuminate\container\Container.php(580): Illuminate\Container\BoundMethod::call(Object(Laravel\Lumen\Application), Array, Array, NULL)
#6 E:\xampp\htdocs\AccountManagement\vendor\laravel\lumen-framework\src\Concerns\RoutesRequests.php(376): Illuminate\Container\Container->call(Array, Array)
#7 E:\xampp\htdocs\AccountManagement\vendor\laravel\lumen-framework\src\Concerns\RoutesRequests.php(342): Laravel\Lumen\Application->callControllerCallable(Array, Array)
#8 E:\xampp\htdocs\AccountManagement\vendor\laravel\lumen-framework\src\Concerns\RoutesRequests.php(316): Laravel\Lumen\Application->callLumenController(Object(App\Http\Controllers\AccountController), 'showAllAccounts', Array)
#9 E:\xampp\htdocs\AccountManagement\vendor\laravel\lumen-framework\src\Concerns\RoutesRequests.php(278): Laravel\Lumen\Application->callControllerAction(Array)
#10 E:\xampp\htdocs\AccountManagement\vendor\laravel\lumen-framework\src\Concerns\RoutesRequests.php(263): Laravel\Lumen\Application->callActionOnArrayBasedRoute(Array)
#11 E:\xampp\htdocs\AccountManagement\vendor\laravel\lumen-framework\src\Concerns\RoutesRequests.php(165): Laravel\Lumen\Application->handleFoundRoute(Array)
#12 E:\xampp\htdocs\AccountManagement\vendor\laravel\lumen-framework\src\Concerns\RoutesRequests.php(416): Laravel\Lumen\Application->Laravel\Lumen\Concerns\{closure}(Object(Laravel\Lumen\Http\Request))
#13 E:\xampp\htdocs\AccountManagement\vendor\laravel\lumen-framework\src\Concerns\RoutesRequests.php(171): Laravel\Lumen\Application->sendThroughPipeline(Array, Object(Closure))
#14 E:\xampp\htdocs\AccountManagement\vendor\laravel\lumen-framework\src\Concerns\RoutesRequests.php(108): Laravel\Lumen\Application->dispatch(NULL)
#15 E:\xampp\htdocs\AccountManagement\public\index.php(28): Laravel\Lumen\Application->run()
#16 {main} {"exception":"[object] (ErrorException(code: 0): Undefined variable: temp at E:\\xampp\\htdocs\\AccountManagement\\app\\Http\\Controllers\\AccountController.php:27)
[stacktrace]
#0 E:\\xampp\\htdocs\\AccountManagement\\app\\Http\\Controllers\\AccountController.php(27): Laravel\\Lumen\\Application->Laravel\\Lumen\\Concerns\\{closure}(8, 'Undefined varia...', 'E:\\\\xampp\\\\htdocs...', 27, Array)
#1 [internal function]: App\\Http\\Controllers\\AccountController->showAllAccounts(Object(Laravel\\Lumen\\Http\\Request))
#2 E:\\xampp\\htdocs\\AccountManagement\\vendor\\illuminate\\container\\BoundMethod.php(32): call_user_func_array(Array, Array)
#3 E:\\xampp\\htdocs\\AccountManagement\\vendor\\illuminate\\container\\BoundMethod.php(90): Illuminate\\Container\\BoundMethod::Illuminate\\Container\\{closure}()
#4 E:\\xampp\\htdocs\\AccountManagement\\vendor\\illuminate\\container\\BoundMethod.php(34): Illuminate\\Container\\BoundMethod::callBoundMethod(Object(Laravel\\Lumen\\Application), Array, Object(Closure))
#5 E:\\xampp\\htdocs\\AccountManagement\\vendor\\illuminate\\container\\Container.php(580): Illuminate\\Container\\BoundMethod::call(Object(Laravel\\Lumen\\Application), Array, Array, NULL)
#6 E:\\xampp\\htdocs\\AccountManagement\\vendor\\laravel\\lumen-framework\\src\\Concerns\\RoutesRequests.php(376): Illuminate\\Container\\Container->call(Array, Array)
#7 E:\\xampp\\htdocs\\AccountManagement\\vendor\\laravel\\lumen-framework\\src\\Concerns\\RoutesRequests.php(342): Laravel\\Lumen\\Application->callControllerCallable(Array, Array)
#8 E:\\xampp\\htdocs\\AccountManagement\\vendor\\laravel\\lumen-framework\\src\\Concerns\\RoutesRequests.php(316): Laravel\\Lumen\\Application->callLumenController(Object(App\\Http\\Controllers\\AccountController), 'showAllAccounts', Array)
#9 E:\\xampp\\htdocs\\AccountManagement\\vendor\\laravel\\lumen-framework\\src\\Concerns\\RoutesRequests.php(278): Laravel\\Lumen\\Application->callControllerAction(Array)
#10 E:\\xampp\\htdocs\\AccountManagement\\vendor\\laravel\\lumen-framework\\src\\Concerns\\RoutesRequests.php(263): Laravel\\Lumen\\Application->callActionOnArrayBasedRoute(Array)
#11 E:\\xampp\\htdocs\\AccountManagement\\vendor\\laravel\\lumen-framework\\src\\Concerns\\RoutesRequests.php(165): Laravel\\Lumen\\Application->handleFoundRoute(Array)
#12 E:\\xampp\\htdocs\\AccountManagement\\vendor\\laravel\\lumen-framework\\src\\Concerns\\RoutesRequests.php(416): Laravel\\Lumen\\Application->Laravel\\Lumen\\Concerns\\{closure}(Object(Laravel\\Lumen\\Http\\Request))
#13 E:\\xampp\\htdocs\\AccountManagement\\vendor\\laravel\\lumen-framework\\src\\Concerns\\RoutesRequests.php(171): Laravel\\Lumen\\Application->sendThroughPipeline(Array, Object(Closure))
#14 E:\\xampp\\htdocs\\AccountManagement\\vendor\\laravel\\lumen-framework\\src\\Concerns\\RoutesRequests.php(108): Laravel\\Lumen\\Application->dispatch(NULL)
#15 E:\\xampp\\htdocs\\AccountManagement\\public\\index.php(28): Laravel\\Lumen\\Application->run()
#16 {main}
"} 
[2019-03-13 12:50:53] local.ERROR: ErrorException: Undefined variable: temp_user_id in E:\xampp\htdocs\AccountManagement\app\Http\Controllers\AccountController.php:28
Stack trace:
#0 E:\xampp\htdocs\AccountManagement\app\Http\Controllers\AccountController.php(28): Laravel\Lumen\Application->Laravel\Lumen\Concerns\{closure}(8, 'Undefined varia...', 'E:\\xampp\\htdocs...', 28, Array)
#1 [internal function]: App\Http\Controllers\AccountController->showAllAccounts(Object(Laravel\Lumen\Http\Request))
#2 E:\xampp\htdocs\AccountManagement\vendor\illuminate\container\BoundMethod.php(32): call_user_func_array(Array, Array)
#3 E:\xampp\htdocs\AccountManagement\vendor\illuminate\container\BoundMethod.php(90): Illuminate\Container\BoundMethod::Illuminate\Container\{closure}()
#4 E:\xampp\htdocs\AccountManagement\vendor\illuminate\container\BoundMethod.php(34): Illuminate\Container\BoundMethod::callBoundMethod(Object(Laravel\Lumen\Application), Array, Object(Closure))
#5 E:\xampp\htdocs\AccountManagement\vendor\illuminate\container\Container.php(580): Illuminate\Container\BoundMethod::call(Object(Laravel\Lumen\Application), Array, Array, NULL)
#6 E:\xampp\htdocs\AccountManagement\vendor\laravel\lumen-framework\src\Concerns\RoutesRequests.php(376): Illuminate\Container\Container->call(Array, Array)
#7 E:\xampp\htdocs\AccountManagement\vendor\laravel\lumen-framework\src\Concerns\RoutesRequests.php(342): Laravel\Lumen\Application->callControllerCallable(Array, Array)
#8 E:\xampp\htdocs\AccountManagement\vendor\laravel\lumen-framework\src\Concerns\RoutesRequests.php(316): Laravel\Lumen\Application->callLumenController(Object(App\Http\Controllers\AccountController), 'showAllAccounts', Array)
#9 E:\xampp\htdocs\AccountManagement\vendor\laravel\lumen-framework\src\Concerns\RoutesRequests.php(278): Laravel\Lumen\Application->callControllerAction(Array)
#10 E:\xampp\htdocs\AccountManagement\vendor\laravel\lumen-framework\src\Concerns\RoutesRequests.php(263): Laravel\Lumen\Application->callActionOnArrayBasedRoute(Array)
#11 E:\xampp\htdocs\AccountManagement\vendor\laravel\lumen-framework\src\Concerns\RoutesRequests.php(165): Laravel\Lumen\Application->handleFoundRoute(Array)
#12 E:\xampp\htdocs\AccountManagement\vendor\laravel\lumen-framework\src\Concerns\RoutesRequests.php(416): Laravel\Lumen\Application->Laravel\Lumen\Concerns\{closure}(Object(Laravel\Lumen\Http\Request))
#13 E:\xampp\htdocs\AccountManagement\vendor\laravel\lumen-framework\src\Concerns\RoutesRequests.php(171): Laravel\Lumen\Application->sendThroughPipeline(Array, Object(Closure))
#14 E:\xampp\htdocs\AccountManagement\vendor\laravel\lumen-framework\src\Concerns\RoutesRequests.php(108): Laravel\Lumen\Application->dispatch(NULL)
#15 E:\xampp\htdocs\AccountManagement\public\index.php(28): Laravel\Lumen\Application->run()
#16 {main} {"exception":"[object] (ErrorException(code: 0): Undefined variable: temp_user_id at E:\\xampp\\htdocs\\AccountManagement\\app\\Http\\Controllers\\AccountController.php:28)
[stacktrace]
#0 E:\\xampp\\htdocs\\AccountManagement\\app\\Http\\Controllers\\AccountController.php(28): Laravel\\Lumen\\Application->Laravel\\Lumen\\Concerns\\{closure}(8, 'Undefined varia...', 'E:\\\\xampp\\\\htdocs...', 28, Array)
#1 [internal function]: App\\Http\\Controllers\\AccountController->showAllAccounts(Object(Laravel\\Lumen\\Http\\Request))
#2 E:\\xampp\\htdocs\\AccountManagement\\vendor\\illuminate\\container\\BoundMethod.php(32): call_user_func_array(Array, Array)
#3 E:\\xampp\\htdocs\\AccountManagement\\vendor\\illuminate\\container\\BoundMethod.php(90): Illuminate\\Container\\BoundMethod::Illuminate\\Container\\{closure}()
#4 E:\\xampp\\htdocs\\AccountManagement\\vendor\\illuminate\\container\\BoundMethod.php(34): Illuminate\\Container\\BoundMethod::callBoundMethod(Object(Laravel\\Lumen\\Application), Array, Object(Closure))
#5 E:\\xampp\\htdocs\\AccountManagement\\vendor\\illuminate\\container\\Container.php(580): Illuminate\\Container\\BoundMethod::call(Object(Laravel\\Lumen\\Application), Array, Array, NULL)
#6 E:\\xampp\\htdocs\\AccountManagement\\vendor\\laravel\\lumen-framework\\src\\Concerns\\RoutesRequests.php(376): Illuminate\\Container\\Container->call(Array, Array)
#7 E:\\xampp\\htdocs\\AccountManagement\\vendor\\laravel\\lumen-framework\\src\\Concerns\\RoutesRequests.php(342): Laravel\\Lumen\\Application->callControllerCallable(Array, Array)
#8 E:\\xampp\\htdocs\\AccountManagement\\vendor\\laravel\\lumen-framework\\src\\Concerns\\RoutesRequests.php(316): Laravel\\Lumen\\Application->callLumenController(Object(App\\Http\\Controllers\\AccountController), 'showAllAccounts', Array)
#9 E:\\xampp\\htdocs\\AccountManagement\\vendor\\laravel\\lumen-framework\\src\\Concerns\\RoutesRequests.php(278): Laravel\\Lumen\\Application->callControllerAction(Array)
#10 E:\\xampp\\htdocs\\AccountManagement\\vendor\\laravel\\lumen-framework\\src\\Concerns\\RoutesRequests.php(263): Laravel\\Lumen\\Application->callActionOnArrayBasedRoute(Array)
#11 E:\\xampp\\htdocs\\AccountManagement\\vendor\\laravel\\lumen-framework\\src\\Concerns\\RoutesRequests.php(165): Laravel\\Lumen\\Application->handleFoundRoute(Array)
#12 E:\\xampp\\htdocs\\AccountManagement\\vendor\\laravel\\lumen-framework\\src\\Concerns\\RoutesRequests.php(416): Laravel\\Lumen\\Application->Laravel\\Lumen\\Concerns\\{closure}(Object(Laravel\\Lumen\\Http\\Request))
#13 E:\\xampp\\htdocs\\AccountManagement\\vendor\\laravel\\lumen-framework\\src\\Concerns\\RoutesRequests.php(171): Laravel\\Lumen\\Application->sendThroughPipeline(Array, Object(Closure))
#14 E:\\xampp\\htdocs\\AccountManagement\\vendor\\laravel\\lumen-framework\\src\\Concerns\\RoutesRequests.php(108): Laravel\\Lumen\\Application->dispatch(NULL)
#15 E:\\xampp\\htdocs\\AccountManagement\\public\\index.php(28): Laravel\\Lumen\\Application->run()
#16 {main}
"} 
